Arguments: 
  C:\Program Files\nodejs\node.exe C:\Program Files\nodejs\node_global\node_modules\yarn\bin\yarn.js add less less-loader

PATH: 
  C:\Ruby26-x64\bin;C:\Program Files (x86)\Common Files\Oracle\Java\javapath;C:\Program Files (x86)\Common Files\Intel\Shared Libraries\redist\intel64_win\compiler;C:\Program Files (x86)\Common Files\Intel\Shared Libraries\redist\intel64\compiler;C:\WINDOWS\system32;C:\WINDOWS;C:\WINDOWS\System32\Wbem;C:\WINDOWS\System32\WindowsPowerShell\v1.0\;C:\WINDOWS\System32\OpenSSH\;C:\Program Files\Common Files\Autodesk Shared\;C:\Program Files\Microsoft SQL Server\120\Tools\Binn\;C:\Program Files\nodejs\;C:\Program Files\TortoiseGit\bin;C:\Program Files\Git\cmd;C:\Program Files\Java\jdk1.8.0_221\jre\bin;C:\Program Files\Java\jdk1.8.0_221\bin;C:\Program Files\Docker\Docker\resources\bin;C:\ProgramData\DockerDesktop\version-bin;C:\Program Files\MongoDB\Server\4.0\bin;C:\Program Files\nodejs\node_global;C:\Program Files\TortoiseSVN\bin;C:\Program Files (x86)\Python\Scripts\;C:\Program Files (x86)\Python\;C:\Users\Administrator\AppData\Local\Microsoft\WindowsApps;C:\Users\Administrator\AppData\Local\Programs\Microsoft VS Code\bin;C:\Users\Administrator\AppData\Roaming\npm;C:\Program Files\nodejs\;C:\Program Files\MongoDB\Server\4.0\bin;C:\Program Files\nodejs\node_global;

Yarn version: 
  1.22.4

Node version: 
  10.16.2

Platform: 
  win32 x64

Trace: 
  SyntaxError: E:\360MoveData\Users\Administrator\Desktop\cpj\vite-test\package.json: Unexpected token } in JSON at position 359
      at JSON.parse (<anonymous>)
      at C:\Program Files\nodejs\node_global\node_modules\yarn\lib\cli.js:1625:59
      at Generator.next (<anonymous>)
      at step (C:\Program Files\nodejs\node_global\node_modules\yarn\lib\cli.js:310:30)
      at C:\Program Files\nodejs\node_global\node_modules\yarn\lib\cli.js:321:13

npm manifest: 
  {
    "name": "test",
    "version": "0.0.0",
    "scripts": {
      "dev": "vite",
      "build": "vite build"
    },
    "dependencies": {
      "vue": "^3.0.2",
      "vue-router": "^4.0.0-rc.6",
      "vuex": "^4.0.0-rc.2"
    },
    "devDependencies": {
      "@vue/compiler-sfc": "^3.0.2",
      "eslint": "^7.14.0",
      "eslint-plugin-vue": "^7.1.0",
      "vite": "^1.0.0-rc.8",
    }
  }

yarn manifest: 
  No manifest

Lockfile: 
  No lockfile
